2012-06-28 23:25:47.4218:DevBridge.Templates.WebProject site started... 
2012-06-28 23:27:49.6348:DevBridge.Templates.WebProject site stopped... 
2012-06-29 00:16:30.3089:DevBridge.Templates.WebProject site started... 
2012-06-29 14:56:41.1850:DevBridge.Templates.WebProject site started... 
2012-06-29 14:57:07.7635:Unhandled exception occurred in DevBridge.Templates.WebProject. Default Membership Provider must be specified. System.Configuration.Provider.ProviderException: Default Membership Provider must be specified.
   at System.Web.Security.Membership.Initialize()
   at System.Web.Mvc.ControllerActionInvoker.InvokeActionResultFilter(IResultFilter filter, ResultExecutingContext preContext, Func`1 continuation)
   at System.Web.Mvc.ControllerActionInvoker.<>c__DisplayClass1c.<>c__DisplayClass1e.<InvokeActionResultWithFilters>b__1b()
   at System.Web.Mvc.ControllerActionInvoker.InvokeActionResultWithFilters(ControllerContext controllerContext, IList`1 filters, ActionResult actionResult)
   at System.Web.Mvc.ControllerActionInvoker.InvokeAction(ControllerContext controllerContext, String actionName)
   at System.Web.Mvc.Controller.ExecuteCore()
   at System.Web.Mvc.ControllerBase.Execute(RequestContext requestContext)
   at System.Web.Mvc.ControllerBase.System.Web.Mvc.IController.Execute(RequestContext requestContext)
   at System.Web.Mvc.MvcHandler.<>c__DisplayClass6.<>c__DisplayClassb.<BeginProcessRequest>b__5()
   at System.Web.Mvc.Async.AsyncResultWrapper.<>c__DisplayClass1.<MakeVoidDelegate>b__0()
   at System.Web.Mvc.Async.AsyncResultWrapper.<>c__DisplayClass8`1.<BeginSynchronous>b__7(IAsyncResult _)
   at System.Web.Mvc.Async.AsyncResultWrapper.WrappedAsyncResult`1.End()
   at System.Web.Mvc.MvcHandler.<>c__DisplayClasse.<EndProcessRequest>b__d()
   at System.Web.Mvc.SecurityUtil.<GetCallInAppTrustThunk>b__0(Action f)
   at System.Web.Mvc.SecurityUtil.ProcessInApplicationTrust(Action action)
   at System.Web.Mvc.MvcHandler.EndProcessRequest(IAsyncResult asyncResult)
   at System.Web.Mvc.MvcHandler.System.Web.IHttpAsyncHandler.EndProcessRequest(IAsyncResult result)
   at System.Web.HttpApplication.CallHandlerExecutionStep.System.Web.HttpApplication.IExecutionStep.Execute()
   at System.Web.HttpApplication.ExecuteStep(IExecutionStep step, Boolean& completedSynchronously)
2012-06-29 15:00:50.6053:Unhandled exception occurred in DevBridge.Templates.WebProject. Path '/Views/Agreement/List.cshtml' was not found. System.Web.HttpException (0x80004005): Path '/Views/Agreement/List.cshtml' was not found.
   at System.Web.HttpNotFoundHandler.ProcessRequest(HttpContext context)
   at System.Web.HttpApplication.CallHandlerExecutionStep.System.Web.HttpApplication.IExecutionStep.Execute()
   at System.Web.HttpApplication.ExecuteStep(IExecutionStep step, Boolean& completedSynchronously)
2012-06-29 15:00:59.3198:NHibernate 3.3.0.4000 (3.3.0.4000) 
2012-06-29 15:00:59.3388:Bytecode provider name : lcg 
2012-06-29 15:00:59.3388:Using reflection optimizer 
2012-06-29 15:00:59.5168:Mapping XML:
<hibernate-mapping xmlns="urn:nhibernate-mapping-2.2"><class xmlns="urn:nhibernate-mapping-2.2" name="DevBridge.Templates.WebProject.DataEntities.Entities.Agreement, DevBridge.Templates.WebProject.DataEntities, Version=0.6.29.1444, Culture=neutral, PublicKeyToken=null" table="`Agreement`"><id name="Id" type="System.Int32, mscorlib, Version=4.0.0.0, Culture=neutral, PublicKeyToken=b77a5c561934e089"><column name="Id" /><generator class="identity" /></id><property name="Number" type="System.String, mscorlib, Version=4.0.0.0, Culture=neutral, PublicKeyToken=b77a5c561934e089"><column name="Number" length="20" not-null="true" /></property><property name="CreatedOn" type="System.DateTime, mscorlib, Version=4.0.0.0, Culture=neutral, PublicKeyToken=b77a5c561934e089"><column name="CreatedOn" not-null="true" /></property><property name="DeletedOn" type="System.Nullable`1[[System.DateTime, mscorlib, Version=4.0.0.0, Culture=neutral, PublicKeyToken=b77a5c561934e089]], mscorlib, Version=4.0.0.0, Culture=neutral, PublicKeyToken=b77a5c561934e089"><column name="DeletedOn" not-null="true" /></property><many-to-one cascade="save-update" class="DevBridge.Templates.WebProject.DataEntities.Entities.Customer, DevBridge.Templates.WebProject.DataEntities, Version=0.6.29.1444, Culture=neutral, PublicKeyToken=null" lazy="false" name="Customer"><column name="CustomerId" not-null="true" /></many-to-one></class></hibernate-mapping> 
2012-06-29 15:00:59.5918:Using dialect: NHibernate.Dialect.MsSql2008Dialect 
2012-06-29 15:00:59.6458:Mapping class: DevBridge.Templates.WebProject.DataEntities.Entities.Agreement -> Agreement 
2012-06-29 15:00:59.6678:Mapped property: Id -> Id, type: Int32 
2012-06-29 15:00:59.6848:Mapped property: Number -> Number, type: String 
2012-06-29 15:00:59.6848:Mapped property: CreatedOn -> CreatedOn, type: DateTime 
2012-06-29 15:00:59.6848:Mapped property: DeletedOn -> DeletedOn, type: DateTime 
2012-06-29 15:00:59.6918:Mapped property: Customer -> CustomerId, type: DevBridge.Templates.WebProject.DataEntities.Entities.Customer 
2012-06-29 15:00:59.7118:Mapping XML:
<hibernate-mapping xmlns="urn:nhibernate-mapping-2.2"><class xmlns="urn:nhibernate-mapping-2.2" name="DevBridge.Templates.WebProject.DataEntities.Entities.Customer, DevBridge.Templates.WebProject.DataEntities, Version=0.6.29.1444, Culture=neutral, PublicKeyToken=null" table="`Customer`"><id name="Id" type="System.Int32, mscorlib, Version=4.0.0.0, Culture=neutral, PublicKeyToken=b77a5c561934e089"><column name="Id" /><generator class="identity" /></id><bag cascade="save-update" name="Agreements"><key><column name="CustomerId" /></key><one-to-many class="DevBridge.Templates.WebProject.DataEntities.Entities.Agreement, DevBridge.Templates.WebProject.DataEntities, Version=0.6.29.1444, Culture=neutral, PublicKeyToken=null" /></bag><property name="Name" type="System.String, mscorlib, Version=4.0.0.0, Culture=neutral, PublicKeyToken=b77a5c561934e089"><column name="Name" length="50" not-null="true" /></property><property name="Code" type="System.String, mscorlib, Version=4.0.0.0, Culture=neutral, PublicKeyToken=b77a5c561934e089"><column name="Code" length="10" not-null="true" /></property><property name="Type" type="DevBridge.Templates.WebProject.DataEntities.Enums.CustomerType, DevBridge.Templates.WebProject.DataEntities, Version=0.6.29.1444, Culture=neutral, PublicKeyToken=null"><column name="Type" not-null="true" /></property><property name="CreatedOn" type="System.DateTime, mscorlib, Version=4.0.0.0, Culture=neutral, PublicKeyToken=b77a5c561934e089"><column name="CreatedOn" not-null="true" /></property><property name="DeletedOn" type="System.Nullable`1[[System.DateTime, mscorlib, Version=4.0.0.0, Culture=neutral, PublicKeyToken=b77a5c561934e089]], mscorlib, Version=4.0.0.0, Culture=neutral, PublicKeyToken=b77a5c561934e089"><column name="DeletedOn" not-null="true" /></property></class></hibernate-mapping> 
2012-06-29 15:00:59.7238:Using dialect: NHibernate.Dialect.MsSql2008Dialect 
2012-06-29 15:00:59.7238:Mapping class: DevBridge.Templates.WebProject.DataEntities.Entities.Customer -> Customer 
2012-06-29 15:00:59.7238:Mapped property: Id -> Id, type: Int32 
2012-06-29 15:00:59.7438:Mapped property: Agreements, type: System.Collections.Generic.ICollection`1[[DevBridge.Templates.WebProject.DataEntities.Entities.Agreement, DevBridge.Templates.WebProject.DataEntities, Version=0.6.29.1444, Culture=neutral, PublicKeyToken=null]](DevBridge.Templates.WebProject.DataEntities.Entities.Customer.Agreements) 
2012-06-29 15:00:59.7438:Mapped property: Name -> Name, type: String 
2012-06-29 15:00:59.7438:Mapped property: Code -> Code, type: String 
2012-06-29 15:00:59.7438:Mapped property: Type -> Type, type: NHibernate.Type.EnumType`1[[DevBridge.Templates.WebProject.DataEntities.Enums.CustomerType, DevBridge.Templates.WebProject.DataEntities, Version=0.6.29.1444, Culture=neutral, PublicKeyToken=null]], NHibernate 
2012-06-29 15:00:59.7558:Mapped property: CreatedOn -> CreatedOn, type: DateTime 
2012-06-29 15:00:59.7558:Mapped property: DeletedOn -> DeletedOn, type: DateTime 
2012-06-29 15:00:59.7558:checking mappings queue 
2012-06-29 15:00:59.7558:processing one-to-many association mappings 
2012-06-29 15:00:59.7558:Second pass for collection: DevBridge.Templates.WebProject.DataEntities.Entities.Customer.Agreements 
2012-06-29 15:00:59.7698:mapping collection: DevBridge.Templates.WebProject.DataEntities.Entities.Customer.Agreements -> Agreement 
2012-06-29 15:00:59.7698:Mapped collection key: CustomerId, one-to-many: DevBridge.Templates.WebProject.DataEntities.Entities.Agreement 
2012-06-29 15:00:59.7698:processing one-to-one association property references 
2012-06-29 15:00:59.7698:processing foreign key constraints 
2012-06-29 15:00:59.7698:resolving reference to class: DevBridge.Templates.WebProject.DataEntities.Entities.Customer 
2012-06-29 15:00:59.7698:processing filters (second pass) 
2012-06-29 15:00:59.8028:Using dialect: NHibernate.Dialect.MsSql2008Dialect 
2012-06-29 15:00:59.8028:Using dialect: NHibernate.Dialect.MsSql2008Dialect 
2012-06-29 15:00:59.9508:Using dialect defined converter 
2012-06-29 15:00:59.9508:Generate SQL with comments: disabled 
2012-06-29 15:00:59.9508:Maximum outer join fetch depth: 3 
2012-06-29 15:00:59.9578:Initializing connection provider: NHibernate.Connection.DriverConnectionProvider 
2012-06-29 15:00:59.9578:Configuring ConnectionProvider 
2012-06-29 15:00:59.9578:Transaction factory: NHibernate.Transaction.AdoNetWithDistributedTransactionFactory 
2012-06-29 15:00:59.9738:Optimize cache for minimal puts: False 
2012-06-29 15:00:59.9738:Connection release mode: auto 
2012-06-29 15:00:59.9738:Default batch fetch size: 1 
2012-06-29 15:00:59.9738:echoing all SQL to stdout 
2012-06-29 15:00:59.9738:Statistics: disabled 
2012-06-29 15:00:59.9738:Deleted entity synthetic identifier rollback: disabled 
2012-06-29 15:00:59.9738:Query translator: NHibernate.Hql.Ast.ANTLR.ASTQueryTranslatorFactory 
2012-06-29 15:00:59.9738:Query language substitutions: {'true'='1', 'false'='0', 'yes'=''Y'', 'no'=''N''} 
2012-06-29 15:00:59.9738:cache provider: NHibernate.Cache.HashtableCacheProvider 
2012-06-29 15:00:59.9898:Order SQL inserts for batching: enabled 
2012-06-29 15:00:59.9898:Wrap result sets: disabled 
2012-06-29 15:00:59.9898:Batcher factory: NHibernate.AdoNet.SqlClientBatchingBatcherFactory, NHibernate, Version=3.3.0.4000, Culture=neutral, PublicKeyToken=aa95f207798dfdb4 
2012-06-29 15:00:59.9898:Default entity-mode: Poco 
2012-06-29 15:00:59.9898:Named query checking : enabled 
2012-06-29 15:01:00.0148:building session factory 
2012-06-29 15:01:00.0148:Session factory constructed with filter configurations : {} 
2012-06-29 15:01:00.0148:instantiating session factory with properties: {'use_reflection_optimizer'='True', 'bytecode.provider'='lcg', 'connection.provider'='NHibernate.Connection.DriverConnectionProvider', 'connection.driver_class'='NHibernate.Driver.SqlClientDriver', 'dialect'='NHibernate.Dialect.MsSql2008Dialect', 'connection.connection_string'='Data Source=(local);Initial Catalog=StandardWebProjectTemplate;Integrated Security=SSPI;', 'max_fetch_depth'='3', 'query.substitutions'='true 1, false 0, yes 'Y', no 'N'', 'cache.provider_class'='NHibernate.Cache.HashtableCacheProvider', 'show_sql'='true'} 
2012-06-29 15:01:00.0198:Obtaining IDbConnection from Driver 
2012-06-29 15:01:21.5511:Unhandled exception occurred in DevBridge.Templates.WebProject. Failed to retrieve agreements list. DevBridge.Templates.WebProject.Services.AgreementManagementException: Failed to retrieve agreements list. ---> System.Data.SqlClient.SqlException: A network-related or instance-specific error occurred while establishing a connection to SQL Server. The server was not found or was not accessible. Verify that the instance name is correct and that SQL Server is configured to allow remote connections. (provider: Named Pipes Provider, error: 40 - Could not open a connection to SQL Server) ---> System.ComponentModel.Win32Exception: The system cannot find the file specified
   --- End of inner exception stack trace ---
   at System.Data.SqlClient.SqlInternalConnection.OnError(SqlException exception, Boolean breakConnection, Action`1 wrapCloseInAction)
   at System.Data.SqlClient.TdsParser.ThrowExceptionAndWarning(TdsParserStateObject stateObj, Boolean callerHasConnectionLock, Boolean asyncClose)
   at System.Data.SqlClient.TdsParser.Connect(ServerInfo serverInfo, SqlInternalConnectionTds connHandler, Boolean ignoreSniOpenTimeout, Int64 timerExpire, Boolean encrypt, Boolean trustServerCert, Boolean integratedSecurity, Boolean withFailover)
   at System.Data.SqlClient.SqlInternalConnectionTds.AttemptOneLogin(ServerInfo serverInfo, String newPassword, SecureString newSecurePassword, Boolean ignoreSniOpenTimeout, TimeoutTimer timeout, Boolean withFailover)
   at System.Data.SqlClient.SqlInternalConnectionTds.LoginNoFailover(ServerInfo serverInfo, String newPassword, SecureString newSecurePassword, Boolean redirectedUserInstance, SqlConnectionString connectionOptions, SqlCredential credential, TimeoutTimer timeout)
   at System.Data.SqlClient.SqlInternalConnectionTds.OpenLoginEnlist(TimeoutTimer timeout, SqlConnectionString connectionOptions, SqlCredential credential, String newPassword, SecureString newSecurePassword, Boolean redirectedUserInstance)
   at System.Data.SqlClient.SqlInternalConnectionTds..ctor(DbConnectionPoolIdentity identity, SqlConnectionString connectionOptions, SqlCredential credential, Object providerInfo, String newPassword, SecureString newSecurePassword, Boolean redirectedUserInstance, SqlConnectionString userConnectionOptions)
   at System.Data.SqlClient.SqlConnectionFactory.CreateConnection(DbConnectionOptions options, DbConnectionPoolKey poolKey, Object poolGroupProviderInfo, DbConnectionPool pool, DbConnection owningConnection, DbConnectionOptions userOptions)
   at System.Data.ProviderBase.DbConnectionFactory.CreatePooledConnection(DbConnectionPool pool, DbConnectionOptions options, DbConnectionPoolKey poolKey, DbConnectionOptions userOptions)
   at System.Data.ProviderBase.DbConnectionPool.CreateObject(DbConnectionOptions userOptions)
   at System.Data.ProviderBase.DbConnectionPool.UserCreateRequest(DbConnectionOptions userOptions)
   at System.Data.ProviderBase.DbConnectionPool.TryGetConnection(DbConnection owningObject, UInt32 waitForMultipleObjectsTimeout, Boolean allowCreate, Boolean onlyOneCheckConnection, DbConnectionOptions userOptions, DbConnectionInternal& connection)
   at System.Data.ProviderBase.DbConnectionPool.TryGetConnection(DbConnection owningObject, TaskCompletionSource`1 retry, DbConnectionOptions userOptions, DbConnectionInternal& connection)
   at System.Data.ProviderBase.DbConnectionFactory.TryGetConnection(DbConnection owningConnection, TaskCompletionSource`1 retry, DbConnectionOptions userOptions, DbConnectionInternal& connection)
   at System.Data.ProviderBase.DbConnectionClosed.TryOpenConnection(DbConnection outerConnection, DbConnectionFactory connectionFactory, TaskCompletionSource`1 retry, DbConnectionOptions userOptions)
   at System.Data.SqlClient.SqlConnection.TryOpen(TaskCompletionSource`1 retry)
   at System.Data.SqlClient.SqlConnection.Open()
   at NHibernate.Connection.DriverConnectionProvider.GetConnection()
   at NHibernate.Tool.hbm2ddl.SuppliedConnectionProviderConnectionHelper.Prepare()
   at NHibernate.Tool.hbm2ddl.SchemaMetadataUpdater.GetReservedWords(Dialect dialect, IConnectionHelper connectionHelper)
   at NHibernate.Tool.hbm2ddl.SchemaMetadataUpdater.Update(ISessionFactory sessionFactory)
   at NHibernate.Impl.SessionFactoryImpl..ctor(Configuration cfg, IMapping mapping, Settings settings, EventListeners listeners)
   at NHibernate.Cfg.Configuration.BuildSessionFactory()
   at DevBridge.Templates.WebProject.Data.DataContext.SessionFactoryProvider.CreateSessionFactory() in C:\Users\Paulius\StandardWebProjectTemplate\DevBridge.Templates.WebProject.Data\DataContext\SessionFactoryProvider.cs:line 36
   at DevBridge.Templates.WebProject.Data.DataContext.SessionFactoryProvider.get_SessionFactory() in C:\Users\Paulius\StandardWebProjectTemplate\DevBridge.Templates.WebProject.Data\DataContext\SessionFactoryProvider.cs:line 25
   at DevBridge.Templates.WebProject.Data.DataContext.UnitOfWork.get_Session() in C:\Users\Paulius\StandardWebProjectTemplate\DevBridge.Templates.WebProject.Data\DataContext\UnitOfWork.cs:line 28
   at DevBridge.Templates.WebProject.Data.RepositoryBase`1.AsQueryable() in C:\Users\Paulius\StandardWebProjectTemplate\DevBridge.Templates.WebProject.Data\RepositoryBase.cs:line 81
   at DevBridge.Templates.WebProject.Services.AgreementManagementService.GetAgreements() in C:\Users\Paulius\StandardWebProjectTemplate\DevBridge.Templates.WebProject.Services\AgreementManagementService\AgreementManagementService.cs:line 85
   --- End of inner exception stack trace ---
   at DevBridge.Templates.WebProject.Services.AgreementManagementService.GetAgreements() in C:\Users\Paulius\StandardWebProjectTemplate\DevBridge.Templates.WebProject.Services\AgreementManagementService\AgreementManagementService.cs:line 89
   at DevBridge.Templates.WebProject.Web.Controllers.AgreementController.List() in C:\Users\Paulius\StandardWebProjectTemplate\DevBridge.Templates.WebProject.Web\Controllers\AgreementController.cs:line 20
   at lambda_method(Closure , ControllerBase , Object[] )
   at System.Web.Mvc.ActionMethodDispatcher.Execute(ControllerBase controller, Object[] parameters)
   at System.Web.Mvc.ReflectedActionDescriptor.Execute(ControllerContext controllerContext, IDictionary`2 parameters)
   at System.Web.Mvc.ControllerActionInvoker.InvokeActionMethod(ControllerContext controllerContext, ActionDescriptor actionDescriptor, IDictionary`2 parameters)
   at System.Web.Mvc.ControllerActionInvoker.<>c__DisplayClass15.<InvokeActionMethodWithFilters>b__12()
   at System.Web.Mvc.ControllerActionInvoker.InvokeActionMethodFilter(IActionFilter filter, ActionExecutingContext preContext, Func`1 continuation)
   at System.Web.Mvc.ControllerActionInvoker.<>c__DisplayClass15.<>c__DisplayClass17.<InvokeActionMethodWithFilters>b__14()
   at System.Web.Mvc.ControllerActionInvoker.InvokeActionMethodWithFilters(ControllerContext controllerContext, IList`1 filters, ActionDescriptor actionDescriptor, IDictionary`2 parameters)
   at System.Web.Mvc.ControllerActionInvoker.InvokeAction(ControllerContext controllerContext, String actionName)
   at System.Web.Mvc.Controller.ExecuteCore()
   at System.Web.Mvc.ControllerBase.Execute(RequestContext requestContext)
   at System.Web.Mvc.ControllerBase.System.Web.Mvc.IController.Execute(RequestContext requestContext)
   at System.Web.Mvc.MvcHandler.<>c__DisplayClass6.<>c__DisplayClassb.<BeginProcessRequest>b__5()
   at System.Web.Mvc.Async.AsyncResultWrapper.<>c__DisplayClass1.<MakeVoidDelegate>b__0()
   at System.Web.Mvc.Async.AsyncResultWrapper.<>c__DisplayClass8`1.<BeginSynchronous>b__7(IAsyncResult _)
   at System.Web.Mvc.Async.AsyncResultWrapper.WrappedAsyncResult`1.End()
   at System.Web.Mvc.MvcHandler.<>c__DisplayClasse.<EndProcessRequest>b__d()
   at System.Web.Mvc.SecurityUtil.<GetCallInAppTrustThunk>b__0(Action f)
   at System.Web.Mvc.SecurityUtil.ProcessInApplicationTrust(Action action)
   at System.Web.Mvc.MvcHandler.EndProcessRequest(IAsyncResult asyncResult)
   at System.Web.Mvc.MvcHandler.System.Web.IHttpAsyncHandler.EndProcessRequest(IAsyncResult result)
   at System.Web.HttpApplication.CallHandlerExecutionStep.System.Web.HttpApplication.IExecutionStep.Execute()
   at System.Web.HttpApplication.ExecuteStep(IExecutionStep step, Boolean& completedSynchronously)
A network-related or instance-specific error occurred while establishing a connection to SQL Server. The server was not found or was not accessible. Verify that the instance name is correct and that SQL Server is configured to allow remote connections. (provider: Named Pipes Provider, error: 40 - Could not open a connection to SQL Server) System.Data.SqlClient.SqlException (0x80131904): A network-related or instance-specific error occurred while establishing a connection to SQL Server. The server was not found or was not accessible. Verify that the instance name is correct and that SQL Server is configured to allow remote connections. (provider: Named Pipes Provider, error: 40 - Could not open a connection to SQL Server) ---> System.ComponentModel.Win32Exception (0x80004005): The system cannot find the file specified
   at System.Data.SqlClient.SqlInternalConnection.OnError(SqlException exception, Boolean breakConnection, Action`1 wrapCloseInAction)
   at System.Data.SqlClient.TdsParser.ThrowExceptionAndWarning(TdsParserStateObject stateObj, Boolean callerHasConnectionLock, Boolean asyncClose)
   at System.Data.SqlClient.TdsParser.Connect(ServerInfo serverInfo, SqlInternalConnectionTds connHandler, Boolean ignoreSniOpenTimeout, Int64 timerExpire, Boolean encrypt, Boolean trustServerCert, Boolean integratedSecurity, Boolean withFailover)
   at System.Data.SqlClient.SqlInternalConnectionTds.AttemptOneLogin(ServerInfo serverInfo, String newPassword, SecureString newSecurePassword, Boolean ignoreSniOpenTimeout, TimeoutTimer timeout, Boolean withFailover)
   at System.Data.SqlClient.SqlInternalConnectionTds.LoginNoFailover(ServerInfo serverInfo, String newPassword, SecureString newSecurePassword, Boolean redirectedUserInstance, SqlConnectionString connectionOptions, SqlCredential credential, TimeoutTimer timeout)
   at System.Data.SqlClient.SqlInternalConnectionTds.OpenLoginEnlist(TimeoutTimer timeout, SqlConnectionString connectionOptions, SqlCredential credential, String newPassword, SecureString newSecurePassword, Boolean redirectedUserInstance)
   at System.Data.SqlClient.SqlInternalConnectionTds..ctor(DbConnectionPoolIdentity identity, SqlConnectionString connectionOptions, SqlCredential credential, Object providerInfo, String newPassword, SecureString newSecurePassword, Boolean redirectedUserInstance, SqlConnectionString userConnectionOptions)
   at System.Data.SqlClient.SqlConnectionFactory.CreateConnection(DbConnectionOptions options, DbConnectionPoolKey poolKey, Object poolGroupProviderInfo, DbConnectionPool pool, DbConnection owningConnection, DbConnectionOptions userOptions)
   at System.Data.ProviderBase.DbConnectionFactory.CreatePooledConnection(DbConnectionPool pool, DbConnectionOptions options, DbConnectionPoolKey poolKey, DbConnectionOptions userOptions)
   at System.Data.ProviderBase.DbConnectionPool.CreateObject(DbConnectionOptions userOptions)
   at System.Data.ProviderBase.DbConnectionPool.UserCreateRequest(DbConnectionOptions userOptions)
   at System.Data.ProviderBase.DbConnectionPool.TryGetConnection(DbConnection owningObject, UInt32 waitForMultipleObjectsTimeout, Boolean allowCreate, Boolean onlyOneCheckConnection, DbConnectionOptions userOptions, DbConnectionInternal& connection)
   at System.Data.ProviderBase.DbConnectionPool.TryGetConnection(DbConnection owningObject, TaskCompletionSource`1 retry, DbConnectionOptions userOptions, DbConnectionInternal& connection)
   at System.Data.ProviderBase.DbConnectionFactory.TryGetConnection(DbConnection owningConnection, TaskCompletionSource`1 retry, DbConnectionOptions userOptions, DbConnectionInternal& connection)
   at System.Data.ProviderBase.DbConnectionClosed.TryOpenConnection(DbConnection outerConnection, DbConnectionFactory connectionFactory, TaskCompletionSource`1 retry, DbConnectionOptions userOptions)
   at System.Data.SqlClient.SqlConnection.TryOpen(TaskCompletionSource`1 retry)
   at System.Data.SqlClient.SqlConnection.Open()
   at NHibernate.Connection.DriverConnectionProvider.GetConnection()
   at NHibernate.Tool.hbm2ddl.SuppliedConnectionProviderConnectionHelper.Prepare()
   at NHibernate.Tool.hbm2ddl.SchemaMetadataUpdater.GetReservedWords(Dialect dialect, IConnectionHelper connectionHelper)
   at NHibernate.Tool.hbm2ddl.SchemaMetadataUpdater.Update(ISessionFactory sessionFactory)
   at NHibernate.Impl.SessionFactoryImpl..ctor(Configuration cfg, IMapping mapping, Settings settings, EventListeners listeners)
   at NHibernate.Cfg.Configuration.BuildSessionFactory()
   at DevBridge.Templates.WebProject.Data.DataContext.SessionFactoryProvider.CreateSessionFactory() in C:\Users\Paulius\StandardWebProjectTemplate\DevBridge.Templates.WebProject.Data\DataContext\SessionFactoryProvider.cs:line 36
   at DevBridge.Templates.WebProject.Data.DataContext.SessionFactoryProvider.get_SessionFactory() in C:\Users\Paulius\StandardWebProjectTemplate\DevBridge.Templates.WebProject.Data\DataContext\SessionFactoryProvider.cs:line 25
   at DevBridge.Templates.WebProject.Data.DataContext.UnitOfWork.get_Session() in C:\Users\Paulius\StandardWebProjectTemplate\DevBridge.Templates.WebProject.Data\DataContext\UnitOfWork.cs:line 28
   at DevBridge.Templates.WebProject.Data.RepositoryBase`1.AsQueryable() in C:\Users\Paulius\StandardWebProjectTemplate\DevBridge.Templates.WebProject.Data\RepositoryBase.cs:line 81
   at DevBridge.Templates.WebProject.Services.AgreementManagementService.GetAgreements() in C:\Users\Paulius\StandardWebProjectTemplate\DevBridge.Templates.WebProject.Services\AgreementManagementService\AgreementManagementService.cs:line 85
ClientConnectionId:00000000-0000-0000-0000-000000000000
The system cannot find the file specified System.ComponentModel.Win32Exception (0x80004005): The system cannot find the file specified
2012-06-29 15:01:21.7941:DevBridge.Templates.WebProject site stopped... 
